[2023-02-10 12:29:30] local.ERROR: View [landing] not found. {"exception":"[object] (InvalidArgumentException(code: 0): View [landing] not found. at C:\\Users\\Rena\\Documents\\Curso-Mob-e-Web-do-Explicador\\laravel_Framework\\emazagame\\vendor\\laravel\\framework\\src\\Illuminate\\View\\FileViewFinder.php:137)
[stacktrace]
#0 C:\\Users\\Rena\\Documents\\Curso-Mob-e-Web-do-Explicador\\laravel_Framework\\emazagame\\vendor\\laravel\\framework\\src\\Illuminate\\View\\FileViewFinder.php(79): Illuminate\\View\\FileViewFinder->findInPaths('landing', Array)
#1 C:\\Users\\Rena\\Documents\\Curso-Mob-e-Web-do-Explicador\\laravel_Framework\\emazagame\\vendor\\laravel\\framework\\src\\Illuminate\\View\\Factory.php(137): Illuminate\\View\\FileViewFinder->find('landing')
#2 C:\\Users\\Rena\\Documents\\Curso-Mob-e-Web-do-Explicador\\laravel_Framework\\emazagame\\vendor\\laravel\\framework\\src\\Illuminate\\Foundation\\helpers.php(1035): Illuminate\\View\\Factory->make('landing', Array, Array)
#3 C:\\Users\\Rena\\Documents\\Curso-Mob-e-Web-do-Explicador\\laravel_Framework\\emazagame\\app\\Http\\Controllers\\GenericController.php(10): view('landing')
#4 C:\\Users\\Rena\\Documents\\Curso-Mob-e-Web-do-Explicador\\laravel_Framework\\emazagame\\vendor\\laravel\\framework\\src\\Illuminate\\Routing\\Controller.php(54): App\\Http\\Controllers\\GenericController->landing(Object(Illuminate\\Http\\Request))
#5 C:\\Users\\Rena\\Documents\\Curso-Mob-e-Web-do-Explicador\\laravel_Framework\\emazagame\\vendor\\laravel\\framework\\src\\Illuminate\\Routing\\ControllerDispatcher.php(43): Illuminate\\Routing\\Controller->callAction('landing', Array)
#6 C:\\Users\\Rena\\Documents\\Curso-Mob-e-Web-do-Explicador\\laravel_Framework\\emazagame\\vendor\\laravel\\framework\\src\\Illuminate\\Routing\\Route.php(259): Illuminate\\Routing\\ControllerDispatcher->dispatch(Object(Illuminate\\Routing\\Route), Object(App\\Http\\Controllers\\GenericController), 'landing')
#7 C:\\Users\\Rena\\Documents\\Curso-Mob-e-Web-do-Explicador\\laravel_Framework\\emazagame\\vendor\\laravel\\framework\\src\\Illuminate\\Routing\\Route.php(205): Illuminate\\Routing\\Route->runController()
#8 C:\\Users\\Rena\\Documents\\Curso-Mob-e-Web-do-Explicador\\laravel_Framework\\emazagame\\vendor\\laravel\\framework\\src\\Illuminate\\Routing\\Router.php(798): Illuminate\\Routing\\Route->run()
#9 C:\\Users\\Rena\\Documents\\Curso-Mob-e-Web-do-Explicador\\laravel_Framework\\emazagame\\vendor\\laravel\\framework\\src\\Illuminate\\Pipeline\\Pipeline.php(141): Illuminate\\Routing\\Router->Illuminate\\Routing\\{closure}(Object(Illuminate\\Http\\Request))
#10 C:\\Users\\Rena\\Documents\\Curso-Mob-e-Web-do-Explicador\\laravel_Framework\\emazagame\\vendor\\laravel\\framework\\src\\Illuminate\\Routing\\Middleware\\SubstituteBindings.php(50): Illuminate\\Pipeline\\Pipeline->Illuminate\\Pipeline\\{closure}(Object(Illuminate\\Http\\Request))
#11 C:\\Users\\Rena\\Documents\\Curso-Mob-e-Web-do-Explicador\\laravel_Framework\\emazagame\\vendor\\laravel\\framework\\src\\Illuminate\\Pipeline\\Pipeline.php(180): Illuminate\\Routing\\Middleware\\SubstituteBindings->handle(Object(Illuminate\\Http\\Request), Object(Closure))
#12 C:\\Users\\Rena\\Documents\\Curso-Mob-e-Web-do-Explicador\\laravel_Framework\\emazagame\\vendor\\laravel\\framework\\src\\Illuminate\\Foundation\\Http\\Middleware\\VerifyCsrfToken.php(78): Illuminate\\Pipeline\\Pipeline->Illuminate\\Pipeline\\{closure}(Object(Illuminate\\Http\\Request))
#13 C:\\Users\\Rena\\Documents\\Curso-Mob-e-Web-do-Explicador\\laravel_Framework\\emazagame\\vendor\\laravel\\framework\\src\\Illuminate\\Pipeline\\Pipeline.php(180): Illuminate\\Foundation\\Http\\Middleware\\VerifyCsrfToken->handle(Object(Illuminate\\Http\\Request), Object(Closure))
#14 C:\\Users\\Rena\\Documents\\Curso-Mob-e-Web-do-Explicador\\laravel_Framework\\emazagame\\vendor\\laravel\\framework\\src\\Illuminate\\View\\Middleware\\ShareErrorsFromSession.php(49): Illuminate\\Pipeline\\Pipeline->Illuminate\\Pipeline\\{closure}(Object(Illuminate\\Http\\Request))
#15 C:\\Users\\Rena\\Documents\\Curso-Mob-e-Web-do-Explicador\\laravel_Framework\\emazagame\\vendor\\laravel\\framework\\src\\Illuminate\\Pipeline\\Pipeline.php(180): Illuminate\\View\\Middleware\\ShareErrorsFromSession->handle(Object(Illuminate\\Http\\Request), Object(Closure))
#16 C:\\Users\\Rena\\Documents\\Curso-Mob-e-Web-do-Explicador\\laravel_Framework\\emazagame\\vendor\\laravel\\framework\\src\\Illuminate\\Session\\Middleware\\StartSession.php(121): Illuminate\\Pipeline\\Pipeline->Illuminate\\Pipeline\\{closure}(Object(Illuminate\\Http\\Request))
#17 C:\\Users\\Rena\\Documents\\Curso-Mob-e-Web-do-Explicador\\laravel_Framework\\emazagame\\vendor\\laravel\\framework\\src\\Illuminate\\Session\\Middleware\\StartSession.php(64): Illuminate\\Session\\Middleware\\StartSession->handleStatefulRequest(Object(Illuminate\\Http\\Request), Object(Illuminate\\Session\\Store), Object(Closure))
#18 C:\\Users\\Rena\\Documents\\Curso-Mob-e-Web-do-Explicador\\laravel_Framework\\emazagame\\vendor\\laravel\\framework\\src\\Illuminate\\Pipeline\\Pipeline.php(180): Illuminate\\Session\\Middleware\\StartSession->handle(Object(Illuminate\\Http\\Request), Object(Closure))
#19 C:\\Users\\Rena\\Documents\\Curso-Mob-e-Web-do-Explicador\\laravel_Framework\\emazagame\\vendor\\laravel\\framework\\src\\Illuminate\\Cookie\\Middleware\\AddQueuedCookiesToResponse.php(37): Illuminate\\Pipeline\\Pipeline->Illuminate\\Pipeline\\{closure}(Object(Illuminate\\Http\\Request))
#20 C:\\Users\\Rena\\Documents\\Curso-Mob-e-Web-do-Explicador\\laravel_Framework\\emazagame\\vendor\\laravel\\framework\\src\\Illuminate\\Pipeline\\Pipeline.php(180): Illuminate\\Cookie\\Middleware\\AddQueuedCookiesToResponse->handle(Object(Illuminate\\Http\\Request), Object(Closure))
#21 C:\\Users\\Rena\\Documents\\Curso-Mob-e-Web-do-Explicador\\laravel_Framework\\emazagame\\vendor\\laravel\\framework\\src\\Illuminate\\Cookie\\Middleware\\EncryptCookies.php(67): Illuminate\\Pipeline\\Pipeline->Illuminate\\Pipeline\\{closure}(Object(Illuminate\\Http\\Request))
#22 C:\\Users\\Rena\\Documents\\Curso-Mob-e-Web-do-Explicador\\laravel_Framework\\emazagame\\vendor\\laravel\\framework\\src\\Illuminate\\Pipeline\\Pipeline.php(180): Illuminate\\Cookie\\Middleware\\EncryptCookies->handle(Object(Illuminate\\Http\\Request), Object(Closure))
#23 C:\\Users\\Rena\\Documents\\Curso-Mob-e-Web-do-Explicador\\laravel_Framework\\emazagame\\vendor\\laravel\\framework\\src\\Illuminate\\Pipeline\\Pipeline.php(116): Illuminate\\Pipeline\\Pipeline->Illuminate\\Pipeline\\{closure}(Object(Illuminate\\Http\\Request))
#24 C:\\Users\\Rena\\Documents\\Curso-Mob-e-Web-do-Explicador\\laravel_Framework\\emazagame\\vendor\\laravel\\framework\\src\\Illuminate\\Routing\\Router.php(797): Illuminate\\Pipeline\\Pipeline->then(Object(Closure))
#25 C:\\Users\\Rena\\Documents\\Curso-Mob-e-Web-do-Explicador\\laravel_Framework\\emazagame\\vendor\\laravel\\framework\\src\\Illuminate\\Routing\\Router.php(776): Illuminate\\Routing\\Router->runRouteWithinStack(Object(Illuminate\\Routing\\Route), Object(Illuminate\\Http\\Request))
#26 C:\\Users\\Rena\\Documents\\Curso-Mob-e-Web-do-Explicador\\laravel_Framework\\emazagame\\vendor\\laravel\\framework\\src\\Illuminate\\Routing\\Router.php(740): Illuminate\\Routing\\Router->runRoute(Object(Illuminate\\Http\\Request), Object(Illuminate\\Routing\\Route))
#27 C:\\Users\\Rena\\Documents\\Curso-Mob-e-Web-do-Explicador\\laravel_Framework\\emazagame\\vendor\\laravel\\framework\\src\\Illuminate\\Routing\\Router.php(729): Illuminate\\Routing\\Router->dispatchToRoute(Object(Illuminate\\Http\\Request))
#28 C:\\Users\\Rena\\Documents\\Curso-Mob-e-Web-do-Explicador\\laravel_Framework\\emazagame\\vendor\\laravel\\framework\\src\\Illuminate\\Foundation\\Http\\Kernel.php(190): Illuminate\\Routing\\Router->dispatch(Object(Illuminate\\Http\\Request))
#29 C:\\Users\\Rena\\Documents\\Curso-Mob-e-Web-do-Explicador\\laravel_Framework\\emazagame\\vendor\\laravel\\framework\\src\\Illuminate\\Pipeline\\Pipeline.php(141): Illuminate\\Foundation\\Http\\Kernel->Illuminate\\Foundation\\Http\\{closure}(Object(Illuminate\\Http\\Request))
#30 C:\\Users\\Rena\\Documents\\Curso-Mob-e-Web-do-Explicador\\laravel_Framework\\emazagame\\vendor\\laravel\\framework\\src\\Illuminate\\Foundation\\Http\\Middleware\\TransformsRequest.php(21): Illuminate\\Pipeline\\Pipeline->Illuminate\\Pipeline\\{closure}(Object(Illuminate\\Http\\Request))
#31 C:\\Users\\Rena\\Documents\\Curso-Mob-e-Web-do-Explicador\\laravel_Framework\\emazagame\\vendor\\laravel\\framework\\src\\Illuminate\\Foundation\\Http\\Middleware\\ConvertEmptyStringsToNull.php(31): Illuminate\\Foundation\\Http\\Middleware\\TransformsRequest->handle(Object(Illuminate\\Http\\Request), Object(Closure))
#32 C:\\Users\\Rena\\Documents\\Curso-Mob-e-Web-do-Explicador\\laravel_Framework\\emazagame\\vendor\\laravel\\framework\\src\\Illuminate\\Pipeline\\Pipeline.php(180): Illuminate\\Foundation\\Http\\Middleware\\ConvertEmptyStringsToNull->handle(Object(Illuminate\\Http\\Request), Object(Closure))
#33 C:\\Users\\Rena\\Documents\\Curso-Mob-e-Web-do-Explicador\\laravel_Framework\\emazagame\\vendor\\laravel\\framework\\src\\Illuminate\\Foundation\\Http\\Middleware\\TransformsRequest.php(21): Illuminate\\Pipeline\\Pipeline->Illuminate\\Pipeline\\{closure}(Object(Illuminate\\Http\\Request))
#34 C:\\Users\\Rena\\Documents\\Curso-Mob-e-Web-do-Explicador\\laravel_Framework\\emazagame\\vendor\\laravel\\framework\\src\\Illuminate\\Foundation\\Http\\Middleware\\TrimStrings.php(40): Illuminate\\Foundation\\Http\\Middleware\\TransformsRequest->handle(Object(Illuminate\\Http\\Request), Object(Closure))
#35 C:\\Users\\Rena\\Documents\\Curso-Mob-e-Web-do-Explicador\\laravel_Framework\\emazagame\\vendor\\laravel\\framework\\src\\Illuminate\\Pipeline\\Pipeline.php(180): Illuminate\\Foundation\\Http\\Middleware\\TrimStrings->handle(Object(Illuminate\\Http\\Request), Object(Closure))
#36 C:\\Users\\Rena\\Documents\\Curso-Mob-e-Web-do-Explicador\\laravel_Framework\\emazagame\\vendor\\laravel\\framework\\src\\Illuminate\\Foundation\\Http\\Middleware\\ValidatePostSize.php(27): Illuminate\\Pipeline\\Pipeline->Illuminate\\Pipeline\\{closure}(Object(Illuminate\\Http\\Request))
#37 C:\\Users\\Rena\\Documents\\Curso-Mob-e-Web-do-Explicador\\laravel_Framework\\emazagame\\vendor\\laravel\\framework\\src\\Illuminate\\Pipeline\\Pipeline.php(180): Illuminate\\Foundation\\Http\\Middleware\\ValidatePostSize->handle(Object(Illuminate\\Http\\Request), Object(Closure))
#38 C:\\Users\\Rena\\Documents\\Curso-Mob-e-Web-do-Explicador\\laravel_Framework\\emazagame\\vendor\\laravel\\framework\\src\\Illuminate\\Foundation\\Http\\Middleware\\PreventRequestsDuringMaintenance.php(86): Illuminate\\Pipeline\\Pipeline->Illuminate\\Pipeline\\{closure}(Object(Illuminate\\Http\\Request))
#39 C:\\Users\\Rena\\Documents\\Curso-Mob-e-Web-do-Explicador\\laravel_Framework\\emazagame\\vendor\\laravel\\framework\\src\\Illuminate\\Pipeline\\Pipeline.php(180): Illuminate\\Foundation\\Http\\Middleware\\PreventRequestsDuringMaintenance->handle(Object(Illuminate\\Http\\Request), Object(Closure))
#40 C:\\Users\\Rena\\Documents\\Curso-Mob-e-Web-do-Explicador\\laravel_Framework\\emazagame\\vendor\\laravel\\framework\\src\\Illuminate\\Http\\Middleware\\HandleCors.php(49): Illuminate\\Pipeline\\Pipeline->Illuminate\\Pipeline\\{closure}(Object(Illuminate\\Http\\Request))
#41 C:\\Users\\Rena\\Documents\\Curso-Mob-e-Web-do-Explicador\\laravel_Framework\\emazagame\\vendor\\laravel\\framework\\src\\Illuminate\\Pipeline\\Pipeline.php(180): Illuminate\\Http\\Middleware\\HandleCors->handle(Object(Illuminate\\Http\\Request), Object(Closure))
#42 C:\\Users\\Rena\\Documents\\Curso-Mob-e-Web-do-Explicador\\laravel_Framework\\emazagame\\vendor\\laravel\\framework\\src\\Illuminate\\Http\\Middleware\\TrustProxies.php(39): Illuminate\\Pipeline\\Pipeline->Illuminate\\Pipeline\\{closure}(Object(Illuminate\\Http\\Request))
#43 C:\\Users\\Rena\\Documents\\Curso-Mob-e-Web-do-Explicador\\laravel_Framework\\emazagame\\vendor\\laravel\\framework\\src\\Illuminate\\Pipeline\\Pipeline.php(180): Illuminate\\Http\\Middleware\\TrustProxies->handle(Object(Illuminate\\Http\\Request), Object(Closure))
#44 C:\\Users\\Rena\\Documents\\Curso-Mob-e-Web-do-Explicador\\laravel_Framework\\emazagame\\vendor\\laravel\\framework\\src\\Illuminate\\Pipeline\\Pipeline.php(116): Illuminate\\Pipeline\\Pipeline->Illuminate\\Pipeline\\{closure}(Object(Illuminate\\Http\\Request))
#45 C:\\Users\\Rena\\Documents\\Curso-Mob-e-Web-do-Explicador\\laravel_Framework\\emazagame\\vendor\\laravel\\framework\\src\\Illuminate\\Foundation\\Http\\Kernel.php(165): Illuminate\\Pipeline\\Pipeline->then(Object(Closure))
#46 C:\\Users\\Rena\\Documents\\Curso-Mob-e-Web-do-Explicador\\laravel_Framework\\emazagame\\vendor\\laravel\\framework\\src\\Illuminate\\Foundation\\Http\\Kernel.php(134): Illuminate\\Foundation\\Http\\Kernel->sendRequestThroughRouter(Object(Illuminate\\Http\\Request))
#47 C:\\Users\\Rena\\Documents\\Curso-Mob-e-Web-do-Explicador\\laravel_Framework\\emazagame\\public\\index.php(51): Illuminate\\Foundation\\Http\\Kernel->handle(Object(Illuminate\\Http\\Request))
#48 C:\\Users\\Rena\\Documents\\Curso-Mob-e-Web-do-Explicador\\laravel_Framework\\emazagame\\vendor\\laravel\\framework\\src\\Illuminate\\Foundation\\resources\\server.php(16): require_once('C:\\\\Users\\\\Rena\\\\D...')
#49 {main}
"} 
